<?xml version="1.0" encoding="UTF-8"?>
<!-- Generated by org.testng.reporters.JUnitReportReporter -->
<testsuite hostname="DESKTOP-93SRL2K" failures="0" tests="5" name="com.SeleniumPractice.AppTest" time="0.054" errors="0" timestamp="2025-04-07T15:40:39 IST" skipped="0">
  <testcase classname="com.SeleniumPractice.AppTest" name="loginMethod1" time="0.044"/>
  <system-out/>
  <testcase classname="com.SeleniumPractice.AppTest" name="loginMethod4" time="0.002"/>
  <system-out/>
  <testcase classname="com.SeleniumPractice.AppTest" name="loginMethod5" time="0.004"/>
  <system-out/>
  <testcase classname="com.SeleniumPractice.AppTest" name="loginMethod2" time="0.001"/>
  <system-out/>
  <testcase classname="com.SeleniumPractice.AppTest" name="loginMethod3" time="0.003"/>
  <system-out/>
</testsuite> <!-- com.SeleniumPractice.AppTest -->
